2022.03.18 03:23:40 INFO  ce[][o.s.p.ProcessEntryPoint] Starting ce
2022.03.18 03:23:40 INFO  ce[][o.s.ce.app.CeServer] Compute Engine starting up...
2022.03.18 03:23:41 INFO  ce[][o.s.s.e.EsClientProvider] Connected to local Elasticsearch: [http://localhost:9001]
2022.03.18 03:23:41 INFO  ce[][o.sonar.db.Database] Create JDBC data source for jdbc:h2:tcp://127.0.0.1:9092/sonar
2022.03.18 03:23:42 WARN  ce[][o.s.db.dialect.H2] H2 database should be used for evaluation purpose only.
2022.03.18 03:23:43 INFO  ce[][o.s.s.p.ServerFileSystemImpl] SonarQube home: /opt/sonarqube
2022.03.18 03:23:43 INFO  ce[][o.s.c.c.CePluginRepository] Load plugins
2022.03.18 03:23:44 INFO  ce[][o.s.c.c.ComputeEngineContainerImpl] Running Community edition
2022.03.18 03:23:44 INFO  ce[][o.s.ce.app.CeServer] Compute Engine is operational
2022.03.18 03:27:59 INFO  ce[][o.s.p.ProcessEntryPoint] Starting ce
2022.03.18 03:27:59 INFO  ce[][o.s.ce.app.CeServer] Compute Engine starting up...
2022.03.18 03:28:00 INFO  ce[][o.s.s.e.EsClientProvider] Connected to local Elasticsearch: [http://localhost:9001]
2022.03.18 03:28:01 INFO  ce[][o.sonar.db.Database] Create JDBC data source for jdbc:h2:tcp://127.0.0.1:9092/sonar
2022.03.18 03:28:01 WARN  ce[][o.s.db.dialect.H2] H2 database should be used for evaluation purpose only.
2022.03.18 03:28:03 INFO  ce[][o.s.s.p.ServerFileSystemImpl] SonarQube home: /opt/sonarqube
2022.03.18 03:28:03 INFO  ce[][o.s.c.c.CePluginRepository] Load plugins
2022.03.18 03:28:10 INFO  ce[][o.s.c.c.ComputeEngineContainerImpl] Running Community edition
2022.03.18 03:28:10 INFO  ce[][o.s.ce.app.CeServer] Compute Engine is operational
2022.03.18 03:29:21 INFO  ce[][o.s.p.ProcessEntryPoint] Gracefully stopping process
2022.03.18 03:29:21 INFO  ce[][o.s.ce.app.CeServer] Compute Engine is stopping...
2022.03.18 03:29:21 INFO  ce[][o.s.c.t.CeProcessingSchedulerImpl] Gracefully stopping workers...
2022.03.18 03:29:21 INFO  ce[][o.s.ce.app.CeServer] Compute Engine is stopped
