2022.03.18 03:22:53 INFO  web[][o.s.p.ProcessEntryPoint] Starting web
2022.03.18 03:22:55 INFO  web[][o.a.t.u.n.NioSelectorPool] Using a shared selector for servlet write/read
2022.03.18 03:22:56 INFO  web[][o.s.s.e.EsClientProvider] Connected to local Elasticsearch: [http://localhost:9001]
2022.03.18 03:22:57 INFO  web[][o.s.s.p.LogServerVersion] SonarQube Server / 9.3.0.51899 / 1a276267d04cd4df862d57201082413946b6b3fa
2022.03.18 03:22:58 INFO  web[][o.s.s.p.d.EmbeddedDatabase] Starting embedded database on port 9092 with url jdbc:h2:tcp://127.0.0.1:9092/sonar
2022.03.18 03:22:58 INFO  web[][o.s.s.p.d.EmbeddedDatabase] Embedded database started. Data stored in: /opt/sonarqube/data
2022.03.18 03:22:58 INFO  web[][o.sonar.db.Database] Create JDBC data source for jdbc:h2:tcp://127.0.0.1:9092/sonar
2022.03.18 03:22:58 WARN  web[][o.s.db.dialect.H2] H2 database should be used for evaluation purpose only.
2022.03.18 03:23:00 INFO  web[][o.s.s.p.ServerFileSystemImpl] SonarQube home: /opt/sonarqube
2022.03.18 03:23:00 INFO  web[][o.s.s.u.SystemPasscodeImpl] System authentication by passcode is disabled
2022.03.18 03:23:00 INFO  web[][o.s.s.p.d.m.h.MigrationHistoryTableImpl] Creating table schema_migrations
2022.03.18 03:23:01 INFO  web[][o.s.s.p.ServerPluginManager] Deploy plugin C# Code Quality and Security / 8.34.0.42011 / 7e01861b987ff6ebaef0ce378b5d90a3c8012f96
2022.03.18 03:23:01 INFO  web[][o.s.s.p.ServerPluginManager] Deploy plugin Configuration detection fot Code Quality and Security / 1.2.0.267 / 4f37ba9ffb37a96d5883e52ad392ed32c5c6eaab
2022.03.18 03:23:01 INFO  web[][o.s.s.p.ServerPluginManager] Deploy plugin Flex Code Quality and Security / 2.7.0.2865 / 9e61d9774455b25eefd0b71bf8903cb030641864
2022.03.18 03:23:01 INFO  web[][o.s.s.p.ServerPluginManager] Deploy plugin Go Code Quality and Security / 1.9.0.3429 / faf3c08c0ebf3a877186442cd4a0ddd50de079a8
2022.03.18 03:23:01 INFO  web[][o.s.s.p.ServerPluginManager] Deploy plugin HTML Code Quality and Security / 3.6.0.3106 / 963bdc9f051f5dcb698b418790364231aeea04f2
2022.03.18 03:23:01 INFO  web[][o.s.s.p.ServerPluginManager] Deploy plugin IaC Code Quality and Security / 1.5.0.1600 / 49f85d3bb8f38ae65ec0edf4fc109761e68fb488
2022.03.18 03:23:01 INFO  web[][o.s.s.p.ServerPluginManager] Deploy plugin JaCoCo / 1.1.1.1157 / 83478572b9f23efac29de15e30c7758bbb0c0e47
2022.03.18 03:23:01 INFO  web[][o.s.s.p.ServerPluginManager] Deploy plugin Java Code Quality and Security / 7.7.0.28547 / be7b25484ea63cc345b695fc5b1d40ccacc3e0b6
2022.03.18 03:23:01 INFO  web[][o.s.s.p.ServerPluginManager] Deploy plugin JavaScript/TypeScript Code Quality and Security / 8.8.0.17228 / a3815936a51aa720d54bf0e04a9e351c3c0ad642
2022.03.18 03:23:01 INFO  web[][o.s.s.p.ServerPluginManager] Deploy plugin Kotlin Code Quality and Security / 2.9.0.1147 / 6ce439214a685d4aabde6461fd609a9a9c1df1c6
2022.03.18 03:23:01 INFO  web[][o.s.s.p.ServerPluginManager] Deploy plugin PHP Code Quality and Security / 3.22.1.8626 / 68787fc2bf0b446b0fa5e3c1943ee14fd91ee79d
2022.03.18 03:23:01 INFO  web[][o.s.s.p.ServerPluginManager] Deploy plugin Python Code Quality and Security / 3.9.0.9230 / 8241f6a6f0bdd5175741f8b4e302fc6942f2f248
2022.03.18 03:23:01 INFO  web[][o.s.s.p.ServerPluginManager] Deploy plugin Ruby Code Quality and Security / 1.9.0.3429 / faf3c08c0ebf3a877186442cd4a0ddd50de079a8
2022.03.18 03:23:01 INFO  web[][o.s.s.p.ServerPluginManager] Deploy plugin Scala Code Quality and Security / 1.9.0.3429 / faf3c08c0ebf3a877186442cd4a0ddd50de079a8
2022.03.18 03:23:01 INFO  web[][o.s.s.p.ServerPluginManager] Deploy plugin Text file Code Quality and Security / 1.0.0.120 / b7539037caf5df01cc49bb7820a0c23f35196f0e
2022.03.18 03:23:01 INFO  web[][o.s.s.p.ServerPluginManager] Deploy plugin VB.NET Code Quality and Security / 8.34.0.42011 / 7e01861b987ff6ebaef0ce378b5d90a3c8012f96
2022.03.18 03:23:01 INFO  web[][o.s.s.p.ServerPluginManager] Deploy plugin XML Code Quality and Security / 2.5.0.3376 / 3b089c16cf0736c56f4fdb2fc88ddad59e7ca45d
2022.03.18 03:23:02 WARN  web[][o.s.a.s.w.WebService$Action] Description is not set on action api/monitoring/metrics
2022.03.18 03:23:02 WARN  web[][o.s.a.s.w.WebService$Action] Since is not set on action api/monitoring/metrics
2022.03.18 03:23:02 WARN  web[][o.s.a.s.w.WebService$Action] The response example is not set on action api/monitoring/metrics
2022.03.18 03:23:02 WARN  web[][o.s.a.s.w.WebService$Action] The response example is not set on action api/system/liveness
2022.03.18 03:23:02 INFO  web[][o.s.s.p.d.m.AutoDbMigration] Automatically perform DB migration on fresh install
2022.03.18 03:23:02 INFO  web[][DbMigrations] Executing DB migrations...
2022.03.18 03:23:02 INFO  web[][DbMigrations] #1 'Create initial schema'...
2022.03.18 03:23:03 INFO  web[][DbMigrations] #1 'Create initial schema': success | time=585ms
2022.03.18 03:23:03 INFO  web[][DbMigrations] #2 'Populate initial schema'...
2022.03.18 03:23:03 INFO  web[][DbMigrations] #2 'Populate initial schema': success | time=56ms
2022.03.18 03:23:03 INFO  web[][DbMigrations] #5001 'Drop PK on 'uuid' for 'ce_activity' table'...
2022.03.18 03:23:03 INFO  web[][DbMigrations] #5001 'Drop PK on 'uuid' for 'ce_activity' table': success | time=13ms
2022.03.18 03:23:03 INFO  web[][DbMigrations] #5002 'Drop 'ce_activity_uuid' index'...
2022.03.18 03:23:03 INFO  web[][DbMigrations] #5002 'Drop 'ce_activity_uuid' index': success | time=10ms
2022.03.18 03:23:03 INFO  web[][DbMigrations] #5003 'Recreate PK on 'uuid' for 'ce_activity' table'...
2022.03.18 03:23:03 INFO  web[][DbMigrations] #5003 'Recreate PK on 'uuid' for 'ce_activity' table': success | time=15ms
2022.03.18 03:23:03 INFO  web[][DbMigrations] #5004 'Drop PK on 'uuid' for 'events' table'...
2022.03.18 03:23:03 INFO  web[][DbMigrations] #5004 'Drop PK on 'uuid' for 'events' table': success | time=12ms
2022.03.18 03:23:03 INFO  web[][DbMigrations] #5005 'Drop 'events_uuid' index'...
2022.03.18 03:23:03 INFO  web[][DbMigrations] #5005 'Drop 'events_uuid' index': success | time=4ms
2022.03.18 03:23:03 INFO  web[][DbMigrations] #5006 'Recreate PK on 'uuid' for 'events' table'...
2022.03.18 03:23:03 INFO  web[][DbMigrations] #5006 'Recreate PK on 'uuid' for 'events' table': success | time=8ms
2022.03.18 03:23:03 INFO  web[][DbMigrations] #5007 'Drop PK on 'kee' for 'issues' table'...
2022.03.18 03:23:03 INFO  web[][DbMigrations] #5007 'Drop PK on 'kee' for 'issues' table': success | time=3ms
2022.03.18 03:23:03 INFO  web[][DbMigrations] #5008 'Drop 'issues_kee' index'...
2022.03.18 03:23:03 INFO  web[][DbMigrations] #5008 'Drop 'issues_kee' index': success | time=9ms
2022.03.18 03:23:03 INFO  web[][DbMigrations] #5009 'Recreate PK on 'kee' for 'issues' table'...
2022.03.18 03:23:03 INFO  web[][DbMigrations] #5009 'Recreate PK on 'kee' for 'issues' table': success | time=2ms
2022.03.18 03:23:03 INFO  web[][DbMigrations] #5010 'Drop PK on 'kee' for 'snapshots' table'...
2022.03.18 03:23:03 INFO  web[][DbMigrations] #5010 'Drop PK on 'kee' for 'snapshots' table': success | time=10ms
2022.03.18 03:23:03 INFO  web[][DbMigrations] #5011 'Drop 'analyses_uuid' index'...
2022.03.18 03:23:03 INFO  web[][DbMigrations] #5011 'Drop 'analyses_uuid' index': success | time=6ms
2022.03.18 03:23:03 INFO  web[][DbMigrations] #5012 'Recreate PK on 'kee' for 'snapshots' table'...
2022.03.18 03:23:03 INFO  web[][DbMigrations] #5012 'Recreate PK on 'kee' for 'snapshots' table': success | time=8ms
2022.03.18 03:23:03 INFO  web[][DbMigrations] #6001 'Drop 'manual_measures_component_uuid' index'...
2022.03.18 03:23:03 INFO  web[][DbMigrations] #6001 'Drop 'manual_measures_component_uuid' index': success | time=12ms
2022.03.18 03:23:03 INFO  web[][DbMigrations] #6002 'Drop 'manual_measures' table'...
2022.03.18 03:23:03 INFO  web[][DbMigrations] #6002 'Drop 'manual_measures' table': success | time=23ms
2022.03.18 03:23:03 INFO  web[][DbMigrations] #6003 'Drop custom metrics data from 'live_measures' table'...
2022.03.18 03:23:03 INFO  web[][o.s.s.p.d.m.s.MassUpdate] 0 rows processed (0 items/sec)
2022.03.18 03:23:03 INFO  web[][DbMigrations] #6003 'Drop custom metrics data from 'live_measures' table': success | time=150ms
2022.03.18 03:23:03 INFO  web[][DbMigrations] #6004 'Drop custom metrics data from 'project_measures' table'...
2022.03.18 03:23:03 INFO  web[][o.s.s.p.d.m.s.MassUpdate] 0 rows processed (0 items/sec)
2022.03.18 03:23:03 INFO  web[][DbMigrations] #6004 'Drop custom metrics data from 'project_measures' table': success | time=131ms
2022.03.18 03:23:03 INFO  web[][DbMigrations] #6005 'Drop custom metrics data from 'metrics' table'...
2022.03.18 03:23:03 INFO  web[][o.s.s.p.d.m.s.MassUpdate] 0 rows processed (0 items/sec)
2022.03.18 03:23:03 INFO  web[][DbMigrations] #6005 'Drop custom metrics data from 'metrics' table': success | time=137ms
2022.03.18 03:23:03 INFO  web[][DbMigrations] #6006 'Drop 'user_managed' column from 'metrics' table'...
2022.03.18 03:23:03 INFO  web[][DbMigrations] #6006 'Drop 'user_managed' column from 'metrics' table': success | time=67ms
2022.03.18 03:23:03 INFO  web[][DbMigrations] #6007 'Create Audit table'...
2022.03.18 03:23:03 INFO  web[][DbMigrations] #6007 'Create Audit table': success | time=14ms
2022.03.18 03:23:03 INFO  web[][DbMigrations] #6008 'Add column 'removed' to 'plugins' table'...
2022.03.18 03:23:04 INFO  web[][DbMigrations] #6008 'Add column 'removed' to 'plugins' table': success | time=71ms
2022.03.18 03:23:04 INFO  web[][DbMigrations] #6009 'Alter column 'client_secret' of 'alm_settings' table to length 160'...
2022.03.18 03:23:04 INFO  web[][DbMigrations] #6009 'Alter column 'client_secret' of 'alm_settings' table to length 160': success | time=7ms
2022.03.18 03:23:04 INFO  web[][DbMigrations] #6010 'Alter column 'private_key' of 'alm_settings' table to length 2500'...
2022.03.18 03:23:04 INFO  web[][DbMigrations] #6010 'Alter column 'private_key' of 'alm_settings' table to length 2500': success | time=18ms
2022.03.18 03:23:04 INFO  web[][DbMigrations] #6011 'Create 'portfolios' table'...
2022.03.18 03:23:04 INFO  web[][DbMigrations] #6011 'Create 'portfolios' table': success | time=13ms
2022.03.18 03:23:04 INFO  web[][DbMigrations] #6012 'Create unique index for 'kee' in 'portfolios''...
2022.03.18 03:23:04 INFO  web[][DbMigrations] #6012 'Create unique index for 'kee' in 'portfolios'': success | time=5ms
2022.03.18 03:23:04 INFO  web[][DbMigrations] #6013 'Create 'portfolio_references' table'...
2022.03.18 03:23:04 INFO  web[][DbMigrations] #6013 'Create 'portfolio_references' table': success | time=8ms
2022.03.18 03:23:04 INFO  web[][DbMigrations] #6014 'Create unique index for 'portfolio_references''...
2022.03.18 03:23:04 INFO  web[][DbMigrations] #6014 'Create unique index for 'portfolio_references'': success | time=7ms
2022.03.18 03:23:04 INFO  web[][DbMigrations] #6015 'Create 'portfolio_projects' table'...
2022.03.18 03:23:04 INFO  web[][DbMigrations] #6015 'Create 'portfolio_projects' table': success | time=5ms
2022.03.18 03:23:04 INFO  web[][DbMigrations] #6016 'Create unique index for 'portfolio_projects''...
2022.03.18 03:23:04 INFO  web[][DbMigrations] #6016 'Create unique index for 'portfolio_projects'': success | time=4ms
2022.03.18 03:23:04 INFO  web[][DbMigrations] #6017 'Migrate portfolios to new tables'...
2022.03.18 03:23:04 INFO  web[][DbMigrations] #6017 'Migrate portfolios to new tables': success | time=6ms
2022.03.18 03:23:04 INFO  web[][DbMigrations] #6018 'Create index for 'issue_changes' on 'issue_key' and 'change_type''...
2022.03.18 03:23:04 INFO  web[][DbMigrations] #6018 'Create index for 'issue_changes' on 'issue_key' and 'change_type'': success | time=5ms
2022.03.18 03:23:04 INFO  web[][DbMigrations] #6019 'Remove SVN related properties'...
2022.03.18 03:23:04 INFO  web[][DbMigrations] #6019 'Remove SVN related properties': success | time=4ms
2022.03.18 03:23:04 INFO  web[][DbMigrations] #6101 'Change size of column 'selection_expression' in 'Portfolios''...
2022.03.18 03:23:04 INFO  web[][DbMigrations] #6101 'Change size of column 'selection_expression' in 'Portfolios'': success | time=6ms
2022.03.18 03:23:04 INFO  web[][DbMigrations] #6102 'Migrate Bitbucket.org authentication plugin settings to built-in authentication settings'...
2022.03.18 03:23:04 INFO  web[][DbMigrations] #6102 'Migrate Bitbucket.org authentication plugin settings to built-in authentication settings': success | time=4ms
2022.03.18 03:23:04 INFO  web[][DbMigrations] #6103 'Create column quick_fix_available in 'issues''...
2022.03.18 03:23:04 INFO  web[][DbMigrations] #6103 'Create column quick_fix_available in 'issues'': success | time=57ms
2022.03.18 03:23:04 INFO  web[][DbMigrations] #6104 'Create qgate_user_permissions Table'...
2022.03.18 03:23:04 INFO  web[][DbMigrations] #6104 'Create qgate_user_permissions Table': success | time=14ms
2022.03.18 03:23:04 INFO  web[][DbMigrations] #6105 'Create qgate_group_permissions Table'...
2022.03.18 03:23:04 INFO  web[][DbMigrations] #6105 'Create qgate_group_permissions Table': success | time=11ms
2022.03.18 03:23:04 INFO  web[][DbMigrations] #6106 'Create column sonarlint_ad_seen in 'users''...
2022.03.18 03:23:04 INFO  web[][DbMigrations] #6106 'Create column sonarlint_ad_seen in 'users'': success | time=126ms
2022.03.18 03:23:04 INFO  web[][DbMigrations] #6107 'Upsert value of sonarlint_ad_seen in 'users''...
2022.03.18 03:23:04 INFO  web[][DbMigrations] #6107 'Upsert value of sonarlint_ad_seen in 'users'': success | time=10ms
2022.03.18 03:23:04 INFO  web[][DbMigrations] #6108 'Change size of column 'kee' in 'components''...
2022.03.18 03:23:04 INFO  web[][DbMigrations] #6108 'Change size of column 'kee' in 'components'': success | time=51ms
2022.03.18 03:23:04 INFO  web[][DbMigrations] #6109 'Create table 'portfolio_proj_branches''...
2022.03.18 03:23:04 INFO  web[][DbMigrations] #6109 'Create table 'portfolio_proj_branches'': success | time=19ms
2022.03.18 03:23:04 INFO  web[][DbMigrations] #6110 'Add column 'branch_key' to table 'portfolios''...
2022.03.18 03:23:04 INFO  web[][DbMigrations] #6110 'Add column 'branch_key' to table 'portfolios'': success | time=91ms
2022.03.18 03:23:04 INFO  web[][DbMigrations] #6111 'Change size of column 'kee' in 'components''...
2022.03.18 03:23:04 INFO  web[][DbMigrations] #6111 'Change size of column 'kee' in 'components'': success | time=26ms
2022.03.18 03:23:04 INFO  web[][DbMigrations] #6112 'Create 'project_badge_token' Table'...
2022.03.18 03:23:04 INFO  web[][DbMigrations] #6112 'Create 'project_badge_token' Table': success | time=10ms
2022.03.18 03:23:04 INFO  web[][DbMigrations] #6113 'Deprecate quality profile 'Sonar way Recommended' for js and ts'...
2022.03.18 03:23:04 INFO  web[][DbMigrations] #6113 'Deprecate quality profile 'Sonar way Recommended' for js and ts': success | time=49ms
2022.03.18 03:23:04 INFO  web[][DbMigrations] #6114 'Drop the 'sonar.lf.aboutText' property value'...
2022.03.18 03:23:04 INFO  web[][DbMigrations] #6114 'Drop the 'sonar.lf.aboutText' property value': success | time=9ms
2022.03.18 03:23:04 INFO  web[][DbMigrations] #6201 'Fix usage of deprecated column in MSSQL'...
2022.03.18 03:23:04 INFO  web[][DbMigrations] #6201 'Fix usage of deprecated column in MSSQL': success | time=2ms
2022.03.18 03:23:04 INFO  web[][DbMigrations] #6202 'Drop index 'uniq_portfolio_references''...
2022.03.18 03:23:04 INFO  web[][DbMigrations] #6202 'Drop index 'uniq_portfolio_references'': success | time=4ms
2022.03.18 03:23:04 INFO  web[][DbMigrations] #6203 'Add column 'branch_uuid' to 'portfolio_references''...
2022.03.18 03:23:04 INFO  web[][DbMigrations] #6203 'Add column 'branch_uuid' to 'portfolio_references'': success | time=30ms
2022.03.18 03:23:04 INFO  web[][DbMigrations] #6204 'Create index 'uniq_portfolio_references''...
2022.03.18 03:23:04 INFO  web[][DbMigrations] #6204 'Create index 'uniq_portfolio_references'': success | time=44ms
2022.03.18 03:23:04 INFO  web[][DbMigrations] #6205 'Create table 'new_code_reference_branch_issues''...
2022.03.18 03:23:04 INFO  web[][DbMigrations] #6205 'Create table 'new_code_reference_branch_issues'': success | time=14ms
2022.03.18 03:23:04 INFO  web[][DbMigrations] #6206 'Create index 'uniq_new_code_reference_issues''...
2022.03.18 03:23:04 INFO  web[][DbMigrations] #6206 'Create index 'uniq_new_code_reference_issues'': success | time=15ms
2022.03.18 03:23:04 INFO  web[][DbMigrations] Executed DB migrations: success | time=2070ms
2022.03.18 03:23:04 INFO  web[][o.s.s.p.Platform] Database has been automatically updated
2022.03.18 03:23:04 INFO  web[][o.s.s.p.w.MasterServletFilter] Initializing servlet filter org.sonar.server.platform.web.WebServiceFilter@2e46a836 [pattern=UrlPattern{inclusions=[/api/system/migrate_db.*, ...], exclusions=[/api/components/update_key, ...]}]
2022.03.18 03:23:04 INFO  web[][o.s.s.p.DetectPluginChange] Detect plugin changes
2022.03.18 03:23:05 INFO  web[][o.s.s.a.EmbeddedTomcat] HTTP connector enabled on port 9000
2022.03.18 03:23:07 INFO  web[][o.s.s.p.UpdateCenterClient] Update center: https://update.sonarsource.org/update-center.properties (no proxy)
2022.03.18 03:23:10 INFO  web[][o.s.s.e.IndexCreator] Create index [metadatas]
2022.03.18 03:23:11 INFO  web[][o.s.s.e.IndexCreator] Create type metadatas/metadata
2022.03.18 03:23:11 INFO  web[][o.s.s.e.IndexCreator] Create index [components]
2022.03.18 03:23:12 INFO  web[][o.s.s.e.IndexCreator] Create type components/auth
2022.03.18 03:23:12 INFO  web[][o.s.s.e.IndexCreator] Create index [projectmeasures]
2022.03.18 03:23:12 INFO  web[][o.s.s.e.IndexCreator] Create type projectmeasures/auth
2022.03.18 03:23:12 INFO  web[][o.s.s.e.IndexCreator] Create index [rules]
2022.03.18 03:23:13 INFO  web[][o.s.s.e.IndexCreator] Create type rules/rule
2022.03.18 03:23:13 INFO  web[][o.s.s.e.IndexCreator] Create index [issues]
2022.03.18 03:23:13 INFO  web[][o.s.s.e.IndexCreator] Create type issues/auth
2022.03.18 03:23:13 INFO  web[][o.s.s.e.IndexCreator] Create index [users]
2022.03.18 03:23:13 INFO  web[][o.s.s.e.IndexCreator] Create type users/user
2022.03.18 03:23:14 INFO  web[][o.s.s.e.IndexCreator] Create index [views]
2022.03.18 03:23:14 INFO  web[][o.s.s.e.IndexCreator] Create type views/view
2022.03.18 03:23:14 INFO  web[][o.s.s.s.LogServerId] Server ID: BF41A1F2-AX-bDNmVcFch1ZLN7ta1
2022.03.18 03:23:14 WARN  web[][o.s.s.a.LogOAuthWarning] For security reasons, OAuth authentication should use HTTPS. You should set the property 'Administration > Configuration > Server base URL' to a HTTPS URL.
2022.03.18 03:23:14 WARN  web[][o.s.a.s.w.WebService$Action] The response example is not set on action api/plugins/download
2022.03.18 03:23:14 WARN  web[][o.s.a.s.w.WebService$Action] The response example is not set on action api/system/liveness
2022.03.18 03:23:14 WARN  web[][o.s.a.s.w.WebService$Action] The response example is not set on action api/alm_integrations/list_bitbucketserver_projects
2022.03.18 03:23:14 WARN  web[][o.s.a.s.w.WebService$Action] The response example is not set on action api/alm_integrations/search_bitbucketcloud_repos
2022.03.18 03:23:14 WARN  web[][o.s.a.s.w.WebService$Action] The response example is not set on action api/alm_integrations/check_pat
2022.03.18 03:23:14 WARN  web[][o.s.a.s.w.WebService$Action] The response example is not set on action api/alm_integrations/list_azure_projects
2022.03.18 03:23:14 WARN  web[][o.s.a.s.w.WebService$Action] The response example is not set on action api/alm_integrations/search_bitbucketserver_repos
2022.03.18 03:23:14 WARN  web[][o.s.a.s.w.WebService$Action] The response example is not set on action api/alm_integrations/search_azure_repos
2022.03.18 03:23:14 WARN  web[][o.s.a.s.w.WebService$Action] The response example is not set on action api/project_dump/status
2022.03.18 03:23:14 INFO  web[][o.s.s.t.TelemetryDaemon] Sharing of SonarQube statistics is enabled.
2022.03.18 03:23:14 INFO  web[][o.s.s.n.NotificationDaemon] Notification service started (delay 60 sec.)
2022.03.18 03:23:14 INFO  web[][o.s.s.a.p.ExpiredSessionsCleaner] Purge of expired session tokens has removed 0 elements
2022.03.18 03:23:14 INFO  web[][o.s.s.a.p.ExpiredSessionsCleaner] Purge of expired SAML message ids has removed 0 elements
2022.03.18 03:23:14 INFO  web[][o.s.s.s.GeneratePluginIndex] Generate scanner plugin index
2022.03.18 03:23:14 INFO  web[][o.s.s.s.RegisterMetrics] Register metrics
2022.03.18 03:23:15 INFO  web[][o.s.s.q.RegisterQualityGates] Built-in quality gate's conditions of [Sonar way] has been updated
2022.03.18 03:23:15 INFO  web[][o.s.s.r.RegisterRules] Register rules
2022.03.18 03:23:34 INFO  web[][o.s.s.q.BuiltInQProfileRepositoryImpl] Load quality profiles
2022.03.18 03:23:34 INFO  web[][o.s.s.q.RegisterQualityProfiles] Register quality profiles
2022.03.18 03:23:34 INFO  web[][o.s.s.q.RegisterQualityProfiles] Register profile css/Sonar way
2022.03.18 03:23:34 INFO  web[][o.s.s.q.RegisterQualityProfiles] Register profile scala/Sonar way
2022.03.18 03:23:34 INFO  web[][o.s.s.q.RegisterQualityProfiles] Register profile jsp/Sonar way
2022.03.18 03:23:34 INFO  web[][o.s.s.q.RegisterQualityProfiles] Register profile go/Sonar way
2022.03.18 03:23:34 INFO  web[][o.s.s.q.RegisterQualityProfiles] Register profile kotlin/Sonar way
2022.03.18 03:23:34 INFO  web[][o.s.s.q.RegisterQualityProfiles] Register profile js/Sonar way
2022.03.18 03:23:35 INFO  web[][o.s.s.q.RegisterQualityProfiles] Register profile py/Sonar way
2022.03.18 03:23:35 INFO  web[][o.s.s.q.RegisterQualityProfiles] Register profile ruby/Sonar way
2022.03.18 03:23:35 INFO  web[][o.s.s.q.RegisterQualityProfiles] Register profile cs/Sonar way
2022.03.18 03:23:35 INFO  web[][o.s.s.q.RegisterQualityProfiles] Register profile java/Sonar way
2022.03.18 03:23:36 INFO  web[][o.s.s.q.RegisterQualityProfiles] Register profile web/Sonar way
2022.03.18 03:23:36 INFO  web[][o.s.s.q.RegisterQualityProfiles] Register profile xml/Sonar way
2022.03.18 03:23:36 INFO  web[][o.s.s.q.RegisterQualityProfiles] Register profile flex/Sonar way
2022.03.18 03:23:36 INFO  web[][o.s.s.q.RegisterQualityProfiles] Register profile json/Sonar way
2022.03.18 03:23:36 INFO  web[][o.s.s.q.RegisterQualityProfiles] Register profile php/Sonar way
2022.03.18 03:23:36 INFO  web[][o.s.s.q.RegisterQualityProfiles] Register profile php/PSR-2
2022.03.18 03:23:37 INFO  web[][o.s.s.q.RegisterQualityProfiles] Register profile php/Drupal
2022.03.18 03:23:37 INFO  web[][o.s.s.q.RegisterQualityProfiles] Register profile terraform/Sonar way
2022.03.18 03:23:37 INFO  web[][o.s.s.q.RegisterQualityProfiles] Register profile text/Sonar way
2022.03.18 03:23:37 INFO  web[][o.s.s.q.RegisterQualityProfiles] Register profile vbnet/Sonar way
2022.03.18 03:23:37 INFO  web[][o.s.s.q.RegisterQualityProfiles] Register profile cloudformation/Sonar way
2022.03.18 03:23:37 INFO  web[][o.s.s.q.RegisterQualityProfiles] Register profile yaml/Sonar way
2022.03.18 03:23:37 INFO  web[][o.s.s.q.RegisterQualityProfiles] Register profile ts/Sonar way
2022.03.18 03:23:37 INFO  web[][o.s.s.s.RegisterPermissionTemplates] Register permission templates
2022.03.18 03:23:37 INFO  web[][o.s.s.s.RenameDeprecatedPropertyKeys] Rename deprecated property keys
2022.03.18 03:23:37 INFO  web[][o.s.s.s.RegisterPlugins] Register plugins
2022.03.18 03:23:37 INFO  web[][o.s.s.p.w.MasterServletFilter] Initializing servlet filter org.sonar.server.platform.web.SonarLintConnectionFilter@15f01e [pattern=UrlPattern{inclusions=[/api/*], exclusions=[]}]
2022.03.18 03:23:37 INFO  web[][o.s.s.p.w.MasterServletFilter] Initializing servlet filter org.sonar.server.platform.web.WebServiceFilter@36609c41 [pattern=UrlPattern{inclusions=[/api/issues/delete_comment.*, ...], exclusions=[/api/authentication/login.*, ...]}]
2022.03.18 03:23:37 INFO  web[][o.s.s.p.w.MasterServletFilter] Initializing servlet filter org.sonar.server.platform.web.WebServiceReroutingFilter@32847264 [pattern=UrlPattern{inclusions=[/api/components/bulk_update_key, ...], exclusions=[]}]
2022.03.18 03:23:37 INFO  web[][o.s.s.p.w.MasterServletFilter] Initializing servlet filter org.sonar.server.plugins.PluginsRiskConsentFilter@7525ee3f [pattern=UrlPattern{inclusions=[/*], exclusions=[*.css, ...]}]
2022.03.18 03:23:37 INFO  web[][o.s.s.p.w.MasterServletFilter] Initializing servlet filter org.sonar.server.authentication.DefaultAdminCredentialsVerifierFilter@7022b293 [pattern=UrlPattern{inclusions=[/*], exclusions=[*.css, ...]}]
2022.03.18 03:23:37 INFO  web[][o.s.s.p.w.MasterServletFilter] Initializing servlet filter org.sonar.server.authentication.InitFilter@2d2e553a [pattern=UrlPattern{inclusions=[/sessions/init/*], exclusions=[]}]
2022.03.18 03:23:37 INFO  web[][o.s.s.p.w.MasterServletFilter] Initializing servlet filter org.sonar.server.authentication.OAuth2CallbackFilter@1d19ef9b [pattern=UrlPattern{inclusions=[/oauth2/callback/*], exclusions=[]}]
2022.03.18 03:23:37 INFO  web[][o.s.s.p.w.MasterServletFilter] Initializing servlet filter org.sonar.server.authentication.ResetPasswordFilter@507d756b [pattern=UrlPattern{inclusions=[/*], exclusions=[*.css, ...]}]
2022.03.18 03:23:37 INFO  web[][o.s.s.p.w.MasterServletFilter] Initializing servlet filter org.sonar.server.authentication.ws.LoginAction@17fbdb67 [pattern=UrlPattern{inclusions=[/api/authentication/login], exclusions=[]}]
2022.03.18 03:23:37 INFO  web[][o.s.s.p.w.MasterServletFilter] Initializing servlet filter org.sonar.server.authentication.ws.LogoutAction@1bb81a88 [pattern=UrlPattern{inclusions=[/api/authentication/logout], exclusions=[]}]
2022.03.18 03:23:37 INFO  web[][o.s.s.p.w.MasterServletFilter] Initializing servlet filter org.sonar.server.authentication.ws.ValidateAction@4be1cd13 [pattern=UrlPattern{inclusions=[/api/authentication/validate], exclusions=[]}]
2022.03.18 03:23:38 INFO  web[][o.s.s.e.IndexerStartupTask] Indexing of type [users/user]...
2022.03.18 03:23:38 INFO  web[][o.s.s.e.IndexerStartupTask] Indexing of type [users/user] done | time=634ms
2022.03.18 03:23:38 INFO  web[][o.s.s.e.IndexerStartupTask] Indexing of type [components/auth/component]...
2022.03.18 03:23:38 INFO  web[][o.s.s.e.IndexerStartupTask] Indexing of type [components/auth/component] done | time=99ms
2022.03.18 03:23:38 INFO  web[][o.s.s.e.IndexerStartupTask] Indexing of type [views/view]...
2022.03.18 03:23:38 INFO  web[][o.s.s.e.IndexerStartupTask] Indexing of type [views/view] done | time=240ms
2022.03.18 03:23:38 INFO  web[][o.s.s.e.IndexerStartupTask] Trigger asynchronous indexing of type [issues/auth/issue]...
2022.03.18 03:23:38 INFO  web[][o.s.s.i.i.AsyncIssueIndexingImpl] 0 pending indexation task found to be deleted...
2022.03.18 03:23:39 INFO  web[][o.s.s.i.i.AsyncIssueIndexingImpl] 0 completed indexation task found to be deleted...
2022.03.18 03:23:39 INFO  web[][o.s.s.i.i.AsyncIssueIndexingImpl] Indexation task deletion complete.
2022.03.18 03:23:39 INFO  web[][o.s.s.i.i.AsyncIssueIndexingImpl] Deleting tasks characteristics...
2022.03.18 03:23:39 INFO  web[][o.s.s.i.i.AsyncIssueIndexingImpl] Tasks characteristics deletion complete.
2022.03.18 03:23:39 INFO  web[][o.s.s.i.i.AsyncIssueIndexingImpl] 0 branch found in need of issue sync.
2022.03.18 03:23:39 INFO  web[][o.s.s.e.IndexerStartupTask] Trigger asynchronous indexing of type [issues/auth/issue] done | time=71ms
2022.03.18 03:23:39 INFO  web[][o.s.s.e.IndexerStartupTask] Indexing of types [components/auth],[projectmeasures/auth],[issues/auth]...
2022.03.18 03:23:39 INFO  web[][o.s.s.e.IndexerStartupTask] Indexing of types [components/auth],[projectmeasures/auth],[issues/auth] done | time=131ms
2022.03.18 03:23:39 INFO  web[][o.s.s.e.IndexerStartupTask] Indexing of type [projectmeasures/auth/projectmeasure]...
2022.03.18 03:23:39 INFO  web[][o.s.s.e.IndexerStartupTask] Indexing of type [projectmeasures/auth/projectmeasure] done | time=109ms
2022.03.18 03:23:39 INFO  web[][o.s.s.q.ProjectsInWarningDaemon] Counting number of projects in warning is enabled.
2022.03.18 03:23:39 INFO  web[][o.s.s.p.p.PlatformLevelStartup] Running Community Edition
2022.03.18 03:23:39 INFO  web[][o.s.s.q.ProjectsInWarningDaemon] Counting number of projects in warning will be disabled as there are no more projects in warning.
2022.03.18 03:23:40 INFO  web[][o.s.s.p.Platform] WebServer is operational
2022.03.18 03:27:24 INFO  web[][o.s.p.ProcessEntryPoint] Starting web
2022.03.18 03:27:27 INFO  web[][o.a.t.u.n.NioSelectorPool] Using a shared selector for servlet write/read
2022.03.18 03:27:29 INFO  web[][o.s.s.e.EsClientProvider] Connected to local Elasticsearch: [http://localhost:9001]
2022.03.18 03:27:30 INFO  web[][o.s.s.p.LogServerVersion] SonarQube Server / 9.3.0.51899 / 1a276267d04cd4df862d57201082413946b6b3fa
2022.03.18 03:27:35 INFO  web[][o.s.s.p.d.EmbeddedDatabase] Starting embedded database on port 9092 with url jdbc:h2:tcp://127.0.0.1:9092/sonar
2022.03.18 03:27:35 INFO  web[][o.s.s.p.d.EmbeddedDatabase] Embedded database started. Data stored in: /opt/sonarqube/data
2022.03.18 03:27:35 INFO  web[][o.sonar.db.Database] Create JDBC data source for jdbc:h2:tcp://127.0.0.1:9092/sonar
2022.03.18 03:27:36 WARN  web[][o.s.db.dialect.H2] H2 database should be used for evaluation purpose only.
2022.03.18 03:27:40 INFO  web[][o.s.s.p.ServerFileSystemImpl] SonarQube home: /opt/sonarqube
2022.03.18 03:27:40 INFO  web[][o.s.s.u.SystemPasscodeImpl] System authentication by passcode is disabled
2022.03.18 03:27:42 INFO  web[][o.s.s.p.ServerPluginManager] Deploy plugin C# Code Quality and Security / 8.34.0.42011 / 7e01861b987ff6ebaef0ce378b5d90a3c8012f96
2022.03.18 03:27:42 INFO  web[][o.s.s.p.ServerPluginManager] Deploy plugin Configuration detection fot Code Quality and Security / 1.2.0.267 / 4f37ba9ffb37a96d5883e52ad392ed32c5c6eaab
2022.03.18 03:27:42 INFO  web[][o.s.s.p.ServerPluginManager] Deploy plugin Flex Code Quality and Security / 2.7.0.2865 / 9e61d9774455b25eefd0b71bf8903cb030641864
2022.03.18 03:27:42 INFO  web[][o.s.s.p.ServerPluginManager] Deploy plugin Go Code Quality and Security / 1.9.0.3429 / faf3c08c0ebf3a877186442cd4a0ddd50de079a8
2022.03.18 03:27:42 INFO  web[][o.s.s.p.ServerPluginManager] Deploy plugin HTML Code Quality and Security / 3.6.0.3106 / 963bdc9f051f5dcb698b418790364231aeea04f2
2022.03.18 03:27:42 INFO  web[][o.s.s.p.ServerPluginManager] Deploy plugin IaC Code Quality and Security / 1.5.0.1600 / 49f85d3bb8f38ae65ec0edf4fc109761e68fb488
2022.03.18 03:27:42 INFO  web[][o.s.s.p.ServerPluginManager] Deploy plugin JaCoCo / 1.1.1.1157 / 83478572b9f23efac29de15e30c7758bbb0c0e47
2022.03.18 03:27:42 INFO  web[][o.s.s.p.ServerPluginManager] Deploy plugin Java Code Quality and Security / 7.7.0.28547 / be7b25484ea63cc345b695fc5b1d40ccacc3e0b6
2022.03.18 03:27:42 INFO  web[][o.s.s.p.ServerPluginManager] Deploy plugin JavaScript/TypeScript Code Quality and Security / 8.8.0.17228 / a3815936a51aa720d54bf0e04a9e351c3c0ad642
2022.03.18 03:27:42 INFO  web[][o.s.s.p.ServerPluginManager] Deploy plugin Kotlin Code Quality and Security / 2.9.0.1147 / 6ce439214a685d4aabde6461fd609a9a9c1df1c6
2022.03.18 03:27:42 INFO  web[][o.s.s.p.ServerPluginManager] Deploy plugin PHP Code Quality and Security / 3.22.1.8626 / 68787fc2bf0b446b0fa5e3c1943ee14fd91ee79d
2022.03.18 03:27:42 INFO  web[][o.s.s.p.ServerPluginManager] Deploy plugin Python Code Quality and Security / 3.9.0.9230 / 8241f6a6f0bdd5175741f8b4e302fc6942f2f248
2022.03.18 03:27:42 INFO  web[][o.s.s.p.ServerPluginManager] Deploy plugin Ruby Code Quality and Security / 1.9.0.3429 / faf3c08c0ebf3a877186442cd4a0ddd50de079a8
2022.03.18 03:27:42 INFO  web[][o.s.s.p.ServerPluginManager] Deploy plugin Scala Code Quality and Security / 1.9.0.3429 / faf3c08c0ebf3a877186442cd4a0ddd50de079a8
2022.03.18 03:27:42 INFO  web[][o.s.s.p.ServerPluginManager] Deploy plugin Text file Code Quality and Security / 1.0.0.120 / b7539037caf5df01cc49bb7820a0c23f35196f0e
2022.03.18 03:27:42 INFO  web[][o.s.s.p.ServerPluginManager] Deploy plugin VB.NET Code Quality and Security / 8.34.0.42011 / 7e01861b987ff6ebaef0ce378b5d90a3c8012f96
2022.03.18 03:27:42 INFO  web[][o.s.s.p.ServerPluginManager] Deploy plugin XML Code Quality and Security / 2.5.0.3376 / 3b089c16cf0736c56f4fdb2fc88ddad59e7ca45d
2022.03.18 03:27:46 WARN  web[][o.s.a.s.w.WebService$Action] Description is not set on action api/monitoring/metrics
2022.03.18 03:27:46 WARN  web[][o.s.a.s.w.WebService$Action] Since is not set on action api/monitoring/metrics
2022.03.18 03:27:46 WARN  web[][o.s.a.s.w.WebService$Action] The response example is not set on action api/monitoring/metrics
2022.03.18 03:27:46 WARN  web[][o.s.a.s.w.WebService$Action] The response example is not set on action api/system/liveness
2022.03.18 03:27:46 INFO  web[][o.s.s.p.w.MasterServletFilter] Initializing servlet filter org.sonar.server.platform.web.WebServiceFilter@38a4fef7 [pattern=UrlPattern{inclusions=[/api/system/migrate_db.*, ...], exclusions=[/api/components/update_key, ...]}]
2022.03.18 03:27:46 INFO  web[][o.s.s.p.DetectPluginChange] Detect plugin changes
2022.03.18 03:27:46 INFO  web[][o.s.s.p.DetectPluginChange] No plugin change detected
2022.03.18 03:27:46 INFO  web[][o.s.s.a.EmbeddedTomcat] HTTP connector enabled on port 9000
2022.03.18 03:27:53 INFO  web[][o.s.s.p.UpdateCenterClient] Update center: https://update.sonarsource.org/update-center.properties (no proxy)
2022.03.18 03:27:57 INFO  web[][o.s.s.s.LogServerId] Server ID: BF41A1F2-AX-bDNmVcFch1ZLN7ta1
2022.03.18 03:27:57 WARN  web[][o.s.s.a.LogOAuthWarning] For security reasons, OAuth authentication should use HTTPS. You should set the property 'Administration > Configuration > Server base URL' to a HTTPS URL.
2022.03.18 03:27:57 WARN  web[][o.s.a.s.w.WebService$Action] The response example is not set on action api/plugins/download
2022.03.18 03:27:57 WARN  web[][o.s.a.s.w.WebService$Action] The response example is not set on action api/system/liveness
2022.03.18 03:27:57 WARN  web[][o.s.a.s.w.WebService$Action] The response example is not set on action api/alm_integrations/list_bitbucketserver_projects
2022.03.18 03:27:57 WARN  web[][o.s.a.s.w.WebService$Action] The response example is not set on action api/alm_integrations/search_bitbucketcloud_repos
2022.03.18 03:27:57 WARN  web[][o.s.a.s.w.WebService$Action] The response example is not set on action api/alm_integrations/check_pat
2022.03.18 03:27:57 WARN  web[][o.s.a.s.w.WebService$Action] The response example is not set on action api/alm_integrations/list_azure_projects
2022.03.18 03:27:57 WARN  web[][o.s.a.s.w.WebService$Action] The response example is not set on action api/alm_integrations/search_bitbucketserver_repos
2022.03.18 03:27:57 WARN  web[][o.s.a.s.w.WebService$Action] The response example is not set on action api/alm_integrations/search_azure_repos
2022.03.18 03:27:57 WARN  web[][o.s.a.s.w.WebService$Action] The response example is not set on action api/project_dump/status
2022.03.18 03:27:57 INFO  web[][o.s.s.t.TelemetryDaemon] Sharing of SonarQube statistics is enabled.
2022.03.18 03:27:57 INFO  web[][o.s.s.n.NotificationDaemon] Notification service started (delay 60 sec.)
2022.03.18 03:27:57 INFO  web[][o.s.s.a.p.ExpiredSessionsCleaner] Purge of expired session tokens has removed 0 elements
2022.03.18 03:27:57 INFO  web[][o.s.s.a.p.ExpiredSessionsCleaner] Purge of expired SAML message ids has removed 0 elements
2022.03.18 03:27:57 INFO  web[][o.s.s.s.GeneratePluginIndex] Generate scanner plugin index
2022.03.18 03:27:57 INFO  web[][o.s.s.s.RegisterPermissionTemplates] Register permission templates
2022.03.18 03:27:57 INFO  web[][o.s.s.s.RenameDeprecatedPropertyKeys] Rename deprecated property keys
2022.03.18 03:27:57 INFO  web[][o.s.s.s.RegisterPlugins] Register plugins
2022.03.18 03:27:57 INFO  web[][o.s.s.p.w.MasterServletFilter] Initializing servlet filter org.sonar.server.platform.web.SonarLintConnectionFilter@6ee43966 [pattern=UrlPattern{inclusions=[/api/*], exclusions=[]}]
2022.03.18 03:27:57 INFO  web[][o.s.s.p.w.MasterServletFilter] Initializing servlet filter org.sonar.server.platform.web.WebServiceFilter@2d46d233 [pattern=UrlPattern{inclusions=[/api/issues/delete_comment.*, ...], exclusions=[/api/authentication/login.*, ...]}]
2022.03.18 03:27:57 INFO  web[][o.s.s.p.w.MasterServletFilter] Initializing servlet filter org.sonar.server.platform.web.WebServiceReroutingFilter@5e4f311 [pattern=UrlPattern{inclusions=[/api/components/bulk_update_key, ...], exclusions=[]}]
2022.03.18 03:27:57 INFO  web[][o.s.s.p.w.MasterServletFilter] Initializing servlet filter org.sonar.server.plugins.PluginsRiskConsentFilter@6fac5b5b [pattern=UrlPattern{inclusions=[/*], exclusions=[*.css, ...]}]
2022.03.18 03:27:57 INFO  web[][o.s.s.p.w.MasterServletFilter] Initializing servlet filter org.sonar.server.authentication.DefaultAdminCredentialsVerifierFilter@565b33a7 [pattern=UrlPattern{inclusions=[/*], exclusions=[*.css, ...]}]
2022.03.18 03:27:57 INFO  web[][o.s.s.p.w.MasterServletFilter] Initializing servlet filter org.sonar.server.authentication.InitFilter@11257ca2 [pattern=UrlPattern{inclusions=[/sessions/init/*], exclusions=[]}]
2022.03.18 03:27:57 INFO  web[][o.s.s.p.w.MasterServletFilter] Initializing servlet filter org.sonar.server.authentication.OAuth2CallbackFilter@5590244a [pattern=UrlPattern{inclusions=[/oauth2/callback/*], exclusions=[]}]
2022.03.18 03:27:57 INFO  web[][o.s.s.p.w.MasterServletFilter] Initializing servlet filter org.sonar.server.authentication.ResetPasswordFilter@16efc9aa [pattern=UrlPattern{inclusions=[/*], exclusions=[*.css, ...]}]
2022.03.18 03:27:57 INFO  web[][o.s.s.p.w.MasterServletFilter] Initializing servlet filter org.sonar.server.authentication.ws.LoginAction@e73f5d3 [pattern=UrlPattern{inclusions=[/api/authentication/login], exclusions=[]}]
2022.03.18 03:27:57 INFO  web[][o.s.s.p.w.MasterServletFilter] Initializing servlet filter org.sonar.server.authentication.ws.LogoutAction@259dbe16 [pattern=UrlPattern{inclusions=[/api/authentication/logout], exclusions=[]}]
2022.03.18 03:27:57 INFO  web[][o.s.s.p.w.MasterServletFilter] Initializing servlet filter org.sonar.server.authentication.ws.ValidateAction@4dca28ea [pattern=UrlPattern{inclusions=[/api/authentication/validate], exclusions=[]}]
2022.03.18 03:27:58 INFO  web[][o.s.s.q.ProjectsInWarningDaemon] Counting number of projects in warning is not started as there are no projects in this situation.
2022.03.18 03:27:58 INFO  web[][o.s.s.p.p.PlatformLevelStartup] Running Community Edition
2022.03.18 03:27:58 INFO  web[][o.s.s.p.Platform] WebServer is operational
2022.03.18 03:29:21 INFO  web[][o.s.p.ProcessEntryPoint] Gracefully stopping process
2022.03.18 03:29:21 INFO  web[][o.s.s.n.NotificationDaemon] Notification service stopped
2022.03.18 03:29:22 INFO  web[][o.s.s.p.d.EmbeddedDatabase] Embedded database stopped
2022.03.18 03:29:22 INFO  web[][o.s.s.app.WebServer] WebServer stopped
